c:\users\tupap\source\repos\mantraxengine\mantraxengine\x64\debug\vc143.pdb
c:\users\tupap\source\repos\mantraxengine\mantraxengine\x64\debug\vc143.idb
c:\users\tupap\source\repos\mantraxengine\mantraxengine\x64\debug\imgui_widgets.obj
c:\users\tupap\source\repos\mantraxengine\mantraxengine\x64\debug\imgui_tables.obj
c:\users\tupap\source\repos\mantraxengine\mantraxengine\x64\debug\imgui_impl_sdl2.obj
c:\users\tupap\source\repos\mantraxengine\mantraxengine\x64\debug\imgui_impl_opengl3.obj
c:\users\tupap\source\repos\mantraxengine\mantraxengine\x64\debug\imgui_draw.obj
c:\users\tupap\source\repos\mantraxengine\mantraxengine\x64\debug\imgui_demo.obj
c:\users\tupap\source\repos\mantraxengine\mantraxengine\x64\debug\imgui.obj
c:\users\tupap\source\repos\mantraxengine\mantraxengine\x64\debug\editor.obj
c:\users\tupap\source\repos\mantraxengine\mantraxengine\x64\debug\imguiloader.obj
c:\users\tupap\source\repos\mantraxengine\mantraxengine\x64\debug\mantraxengine.ilk
c:\users\tupap\source\repos\mantraxengine\x64\debug\mantraxengine.pdb
c:\users\tupap\source\repos\mantraxengine\mantraxengine\x64\debug\mantraxengine.tlog\cl.command.1.tlog
c:\users\tupap\source\repos\mantraxengine\mantraxengine\x64\debug\mantraxengine.tlog\cl.items.tlog
c:\users\tupap\source\repos\mantraxengine\mantraxengine\x64\debug\mantraxengine.tlog\cl.read.1.tlog
c:\users\tupap\source\repos\mantraxengine\mantraxengine\x64\debug\mantraxengine.tlog\cl.write.1.tlog
c:\users\tupap\source\repos\mantraxengine\mantraxengine\x64\debug\mantraxengine.tlog\link.12068-cvtres.read.1.tlog
c:\users\tupap\source\repos\mantraxengine\mantraxengine\x64\debug\mantraxengine.tlog\link.12068-cvtres.write.1.tlog
c:\users\tupap\source\repos\mantraxengine\mantraxengine\x64\debug\mantraxengine.tlog\link.12068-rc.read.1.tlog
c:\users\tupap\source\repos\mantraxengine\mantraxengine\x64\debug\mantraxengine.tlog\link.12068-rc.write.1.tlog
c:\users\tupap\source\repos\mantraxengine\mantraxengine\x64\debug\mantraxengine.tlog\link.12068.read.1.tlog
c:\users\tupap\source\repos\mantraxengine\mantraxengine\x64\debug\mantraxengine.tlog\link.12068.read.2.tlog
c:\users\tupap\source\repos\mantraxengine\mantraxengine\x64\debug\mantraxengine.tlog\link.12068.read.3.tlog
c:\users\tupap\source\repos\mantraxengine\mantraxengine\x64\debug\mantraxengine.tlog\link.12068.read.4.tlog
c:\users\tupap\source\repos\mantraxengine\mantraxengine\x64\debug\mantraxengine.tlog\link.12068.write.1.tlog
c:\users\tupap\source\repos\mantraxengine\mantraxengine\x64\debug\mantraxengine.tlog\link.command.1.tlog
c:\users\tupap\source\repos\mantraxengine\mantraxengine\x64\debug\mantraxengine.tlog\link.read.1.tlog
c:\users\tupap\source\repos\mantraxengine\mantraxengine\x64\debug\mantraxengine.tlog\link.secondary.1.tlog
c:\users\tupap\source\repos\mantraxengine\mantraxengine\x64\debug\mantraxengine.tlog\link.write.1.tlog
