  SceneSaver.cpp
C:\Users\tupap\source\repos\MantraxEngine\src\render\Texture.h(24,17): warning C4251: "Texture::filePath": "std::basic_string<char,std::char_traits<char>,std::allocator<char>>" debe tener una interfaz DLL para que la usen los clientes de "Texture"
  (compilando archivo de origen "editor/SceneSaver.cpp")
      C:\Program Files\Microsoft Visual Studio\2022\Professional\VC\Tools\MSVC\14.44.35207\include\xstring(541,7):
      vea la declaración de 'std::basic_string<char,std::char_traits<char>,std::allocator<char>>'
  
C:\Users\tupap\source\repos\MantraxEngine\src\render\Material.h(68,17): warning C4251: "Material::name": "std::basic_string<char,std::char_traits<char>,std::allocator<char>>" debe tener una interfaz DLL para que la usen los clientes de "Material"
  (compilando archivo de origen "editor/SceneSaver.cpp")
      C:\Program Files\Microsoft Visual Studio\2022\Professional\VC\Tools\MSVC\14.44.35207\include\xstring(541,7):
      vea la declaración de 'std::basic_string<char,std::char_traits<char>,std::allocator<char>>'
  
C:\Users\tupap\source\repos\MantraxEngine\src\render\Material.h(71,15): warning C4251: "Material::albedo": "glm::vec<3,float,glm::packed_highp>" debe tener una interfaz DLL para que la usen los clientes de "Material"
  (compilando archivo de origen "editor/SceneSaver.cpp")
      C:\Users\tupap\source\repos\MantraxEngine\vendors\includes\glm\detail\type_vec3.hpp(17,9):
      vea la declaración de 'glm::vec<3,float,glm::packed_highp>'
  
C:\Users\tupap\source\repos\MantraxEngine\src\render\Material.h(74,15): warning C4251: "Material::emissive": "glm::vec<3,float,glm::packed_highp>" debe tener una interfaz DLL para que la usen los clientes de "Material"
  (compilando archivo de origen "editor/SceneSaver.cpp")
      C:\Users\tupap\source\repos\MantraxEngine\vendors\includes\glm\detail\type_vec3.hpp(17,9):
      vea la declaración de 'glm::vec<3,float,glm::packed_highp>'
  
C:\Users\tupap\source\repos\MantraxEngine\src\render\Material.h(75,15): warning C4251: "Material::tiling": "glm::vec<2,float,glm::packed_highp>" debe tener una interfaz DLL para que la usen los clientes de "Material"
  (compilando archivo de origen "editor/SceneSaver.cpp")
      C:\Users\tupap\source\repos\MantraxEngine\vendors\includes\glm\detail\type_vec2.hpp(17,9):
      vea la declaración de 'glm::vec<2,float,glm::packed_highp>'
  
C:\Users\tupap\source\repos\MantraxEngine\src\render\Material.h(79,30): warning C4251: "Material::albedoTexture": "std::shared_ptr<Texture>" debe tener una interfaz DLL para que la usen los clientes de "Material"
  (compilando archivo de origen "editor/SceneSaver.cpp")
      C:\Program Files\Microsoft Visual Studio\2022\Professional\VC\Tools\MSVC\14.44.35207\include\memory(1565,7):
      vea la declaración de 'std::shared_ptr<Texture>'
  
C:\Users\tupap\source\repos\MantraxEngine\src\render\Material.h(80,30): warning C4251: "Material::normalTexture": "std::shared_ptr<Texture>" debe tener una interfaz DLL para que la usen los clientes de "Material"
  (compilando archivo de origen "editor/SceneSaver.cpp")
      C:\Program Files\Microsoft Visual Studio\2022\Professional\VC\Tools\MSVC\14.44.35207\include\memory(1565,7):
      vea la declaración de 'std::shared_ptr<Texture>'
  
C:\Users\tupap\source\repos\MantraxEngine\src\render\Material.h(81,30): warning C4251: "Material::metallicTexture": "std::shared_ptr<Texture>" debe tener una interfaz DLL para que la usen los clientes de "Material"
  (compilando archivo de origen "editor/SceneSaver.cpp")
      C:\Program Files\Microsoft Visual Studio\2022\Professional\VC\Tools\MSVC\14.44.35207\include\memory(1565,7):
      vea la declaración de 'std::shared_ptr<Texture>'
  
C:\Users\tupap\source\repos\MantraxEngine\src\render\Material.h(82,30): warning C4251: "Material::roughnessTexture": "std::shared_ptr<Texture>" debe tener una interfaz DLL para que la usen los clientes de "Material"
  (compilando archivo de origen "editor/SceneSaver.cpp")
      C:\Program Files\Microsoft Visual Studio\2022\Professional\VC\Tools\MSVC\14.44.35207\include\memory(1565,7):
      vea la declaración de 'std::shared_ptr<Texture>'
  
C:\Users\tupap\source\repos\MantraxEngine\src\render\Material.h(83,30): warning C4251: "Material::emissiveTexture": "std::shared_ptr<Texture>" debe tener una interfaz DLL para que la usen los clientes de "Material"
  (compilando archivo de origen "editor/SceneSaver.cpp")
      C:\Program Files\Microsoft Visual Studio\2022\Professional\VC\Tools\MSVC\14.44.35207\include\memory(1565,7):
      vea la declaración de 'std::shared_ptr<Texture>'
  
C:\Users\tupap\source\repos\MantraxEngine\src\render\Material.h(84,30): warning C4251: "Material::aoTexture": "std::shared_ptr<Texture>" debe tener una interfaz DLL para que la usen los clientes de "Material"
  (compilando archivo de origen "editor/SceneSaver.cpp")
      C:\Program Files\Microsoft Visual Studio\2022\Professional\VC\Tools\MSVC\14.44.35207\include\memory(1565,7):
      vea la declaración de 'std::shared_ptr<Texture>'
  
C:\Users\tupap\source\repos\MantraxEngine\src\render\Frustum.h(12,15): warning C4251: "Plane::normal": "glm::vec<3,float,glm::packed_highp>" debe tener una interfaz DLL para que la usen los clientes de "Plane"
  (compilando archivo de origen "editor/SceneSaver.cpp")
      C:\Users\tupap\source\repos\MantraxEngine\vendors\includes\glm\detail\type_vec3.hpp(17,9):
      vea la declaración de 'glm::vec<3,float,glm::packed_highp>'
  
C:\Users\tupap\source\repos\MantraxEngine\src\render\Frustum.h(25,15): warning C4251: "BoundingBox::min": "glm::vec<3,float,glm::packed_highp>" debe tener una interfaz DLL para que la usen los clientes de "BoundingBox"
  (compilando archivo de origen "editor/SceneSaver.cpp")
      C:\Users\tupap\source\repos\MantraxEngine\vendors\includes\glm\detail\type_vec3.hpp(17,9):
      vea la declaración de 'glm::vec<3,float,glm::packed_highp>'
  
C:\Users\tupap\source\repos\MantraxEngine\src\render\Frustum.h(26,15): warning C4251: "BoundingBox::max": "glm::vec<3,float,glm::packed_highp>" debe tener una interfaz DLL para que la usen los clientes de "BoundingBox"
  (compilando archivo de origen "editor/SceneSaver.cpp")
      C:\Users\tupap\source\repos\MantraxEngine\vendors\includes\glm\detail\type_vec3.hpp(17,9):
      vea la declaración de 'glm::vec<3,float,glm::packed_highp>'
  
C:\Users\tupap\source\repos\MantraxEngine\src\render\Frustum.h(39,15): warning C4251: "BoundingSphere::center": "glm::vec<3,float,glm::packed_highp>" debe tener una interfaz DLL para que la usen los clientes de "BoundingSphere"
  (compilando archivo de origen "editor/SceneSaver.cpp")
      C:\Users\tupap\source\repos\MantraxEngine\vendors\includes\glm\detail\type_vec3.hpp(17,9):
      vea la declaración de 'glm::vec<3,float,glm::packed_highp>'
  
C:\Users\tupap\source\repos\MantraxEngine\src\core\UIDGenerator.h(15,38): warning C4251: "UIDGenerator::counter": "std::atomic<unsigned int>" debe tener una interfaz DLL para que la usen los clientes de "UIDGenerator"
  (compilando archivo de origen "editor/SceneSaver.cpp")
      C:\Program Files\Microsoft Visual Studio\2022\Professional\VC\Tools\MSVC\14.44.35207\include\atomic(2131,8):
      vea la declaración de 'std::atomic<unsigned int>'
  
C:\Users\tupap\source\repos\MantraxEngine\src\components\GameObject.h(286,17): warning C4251: "GameObject::Name": "std::basic_string<char,std::char_traits<char>,std::allocator<char>>" debe tener una interfaz DLL para que la usen los clientes de "GameObject"
  (compilando archivo de origen "editor/SceneSaver.cpp")
      C:\Program Files\Microsoft Visual Studio\2022\Professional\VC\Tools\MSVC\14.44.35207\include\xstring(541,7):
      vea la declaración de 'std::basic_string<char,std::char_traits<char>,std::allocator<char>>'
  
C:\Users\tupap\source\repos\MantraxEngine\src\components\GameObject.h(287,17): warning C4251: "GameObject::Tag": "std::basic_string<char,std::char_traits<char>,std::allocator<char>>" debe tener una interfaz DLL para que la usen los clientes de "GameObject"
  (compilando archivo de origen "editor/SceneSaver.cpp")
      C:\Program Files\Microsoft Visual Studio\2022\Professional\VC\Tools\MSVC\14.44.35207\include\xstring(541,7):
      vea la declaración de 'std::basic_string<char,std::char_traits<char>,std::allocator<char>>'
  
C:\Users\tupap\source\repos\MantraxEngine\src\components\GameObject.h(288,17): warning C4251: "GameObject::ObjectID": "std::basic_string<char,std::char_traits<char>,std::allocator<char>>" debe tener una interfaz DLL para que la usen los clientes de "GameObject"
  (compilando archivo de origen "editor/SceneSaver.cpp")
      C:\Program Files\Microsoft Visual Studio\2022\Professional\VC\Tools\MSVC\14.44.35207\include\xstring(541,7):
      vea la declaración de 'std::basic_string<char,std::char_traits<char>,std::allocator<char>>'
  
C:\Users\tupap\source\repos\MantraxEngine\src\components\GameObject.h(289,17): warning C4251: "GameObject::ModelPath": "std::basic_string<char,std::char_traits<char>,std::allocator<char>>" debe tener una interfaz DLL para que la usen los clientes de "GameObject"
  (compilando archivo de origen "editor/SceneSaver.cpp")
      C:\Program Files\Microsoft Visual Studio\2022\Professional\VC\Tools\MSVC\14.44.35207\include\xstring(541,7):
      vea la declaración de 'std::basic_string<char,std::char_traits<char>,std::allocator<char>>'
  
C:\Users\tupap\source\repos\MantraxEngine\src\components\GameObject.h(291,37): warning C4251: "GameObject::sharedGeometry": "std::shared_ptr<AssimpGeometry>" debe tener una interfaz DLL para que la usen los clientes de "GameObject"
  (compilando archivo de origen "editor/SceneSaver.cpp")
      C:\Program Files\Microsoft Visual Studio\2022\Professional\VC\Tools\MSVC\14.44.35207\include\memory(1565,7):
      vea la declaración de 'std::shared_ptr<AssimpGeometry>'
  
C:\Users\tupap\source\repos\MantraxEngine\src\components\GameObject.h(292,31): warning C4251: "GameObject::material": "std::shared_ptr<Material>" debe tener una interfaz DLL para que la usen los clientes de "GameObject"
  (compilando archivo de origen "editor/SceneSaver.cpp")
      C:\Program Files\Microsoft Visual Studio\2022\Professional\VC\Tools\MSVC\14.44.35207\include\memory(1565,7):
      vea la declaración de 'std::shared_ptr<Material>'
  
C:\Users\tupap\source\repos\MantraxEngine\src\components\GameObject.h(295,15): warning C4251: "GameObject::localPosition": "glm::vec<3,float,glm::packed_highp>" debe tener una interfaz DLL para que la usen los clientes de "GameObject"
  (compilando archivo de origen "editor/SceneSaver.cpp")
      C:\Users\tupap\source\repos\MantraxEngine\vendors\includes\glm\detail\type_vec3.hpp(17,9):
      vea la declaración de 'glm::vec<3,float,glm::packed_highp>'
  
C:\Users\tupap\source\repos\MantraxEngine\src\components\GameObject.h(296,15): warning C4251: "GameObject::localScale": "glm::vec<3,float,glm::packed_highp>" debe tener una interfaz DLL para que la usen los clientes de "GameObject"
  (compilando archivo de origen "editor/SceneSaver.cpp")
      C:\Users\tupap\source\repos\MantraxEngine\vendors\includes\glm\detail\type_vec3.hpp(17,9):
      vea la declaración de 'glm::vec<3,float,glm::packed_highp>'
  
C:\Users\tupap\source\repos\MantraxEngine\src\components\GameObject.h(297,15): warning C4251: "GameObject::localRotation": "glm::qua<float,glm::packed_highp>" debe tener una interfaz DLL para que la usen los clientes de "GameObject"
  (compilando archivo de origen "editor/SceneSaver.cpp")
      C:\Users\tupap\source\repos\MantraxEngine\vendors\includes\glm\detail\type_quat.hpp(33,9):
      vea la declaración de 'glm::qua<float,glm::packed_highp>'
  
C:\Users\tupap\source\repos\MantraxEngine\src\components\GameObject.h(298,23): warning C4251: "GameObject::localModelMatrix": "glm::mat<4,4,glm::f32,glm::packed_highp>" debe tener una interfaz DLL para que la usen los clientes de "GameObject"
  (compilando archivo de origen "editor/SceneSaver.cpp")
      C:\Users\tupap\source\repos\MantraxEngine\vendors\includes\glm\detail\type_mat4x4.hpp(13,9):
      vea la declaración de 'glm::mat<4,4,glm::f32,glm::packed_highp>'
  
C:\Users\tupap\source\repos\MantraxEngine\src\components\GameObject.h(299,23): warning C4251: "GameObject::worldModelMatrix": "glm::mat<4,4,glm::f32,glm::packed_highp>" debe tener una interfaz DLL para que la usen los clientes de "GameObject"
  (compilando archivo de origen "editor/SceneSaver.cpp")
      C:\Users\tupap\source\repos\MantraxEngine\vendors\includes\glm\detail\type_mat4x4.hpp(13,9):
      vea la declaración de 'glm::mat<4,4,glm::f32,glm::packed_highp>'
  
C:\Users\tupap\source\repos\MantraxEngine\src\components\GameObject.h(305,30): warning C4251: "GameObject::children": "std::vector<GameObject *,std::allocator<GameObject *>>" debe tener una interfaz DLL para que la usen los clientes de "GameObject"
  (compilando archivo de origen "editor/SceneSaver.cpp")
      C:\Program Files\Microsoft Visual Studio\2022\Professional\VC\Tools\MSVC\14.44.35207\include\vector(442,7):
      vea la declaración de 'std::vector<GameObject *,std::allocator<GameObject *>>'
  
C:\Users\tupap\source\repos\MantraxEngine\src\components\GameObject.h(322,45): warning C4251: "GameObject::components": "std::vector<std::unique_ptr<Component,std::default_delete<Component>>,std::allocator<std::unique_ptr<Component,std::default_delete<Component>>>>" debe tener una interfaz DLL para que la usen los clientes de "GameObject"
  (compilando archivo de origen "editor/SceneSaver.cpp")
      C:\Program Files\Microsoft Visual Studio\2022\Professional\VC\Tools\MSVC\14.44.35207\include\vector(442,7):
      vea la declaración de 'std::vector<std::unique_ptr<Component,std::default_delete<Component>>,std::allocator<std::unique_ptr<Component,std::default_delete<Component>>>>'
  
C:\Users\tupap\source\repos\MantraxEngine\src\render\Camera.h(76,15): warning C4251: "Camera::position": "glm::vec<3,float,glm::packed_highp>" debe tener una interfaz DLL para que la usen los clientes de "Camera"
  (compilando archivo de origen "editor/SceneSaver.cpp")
      C:\Users\tupap\source\repos\MantraxEngine\vendors\includes\glm\detail\type_vec3.hpp(17,9):
      vea la declaración de 'glm::vec<3,float,glm::packed_highp>'
  
C:\Users\tupap\source\repos\MantraxEngine\src\render\Camera.h(77,15): warning C4251: "Camera::target": "glm::vec<3,float,glm::packed_highp>" debe tener una interfaz DLL para que la usen los clientes de "Camera"
  (compilando archivo de origen "editor/SceneSaver.cpp")
      C:\Users\tupap\source\repos\MantraxEngine\vendors\includes\glm\detail\type_vec3.hpp(17,9):
      vea la declaración de 'glm::vec<3,float,glm::packed_highp>'
  
C:\Users\tupap\source\repos\MantraxEngine\src\render\Camera.h(78,15): warning C4251: "Camera::up": "glm::vec<3,float,glm::packed_highp>" debe tener una interfaz DLL para que la usen los clientes de "Camera"
  (compilando archivo de origen "editor/SceneSaver.cpp")
      C:\Users\tupap\source\repos\MantraxEngine\vendors\includes\glm\detail\type_vec3.hpp(17,9):
      vea la declaración de 'glm::vec<3,float,glm::packed_highp>'
  
C:\Users\tupap\source\repos\MantraxEngine\src\render\Camera.h(79,15): warning C4251: "Camera::m_forward": "glm::vec<3,float,glm::packed_highp>" debe tener una interfaz DLL para que la usen los clientes de "Camera"
  (compilando archivo de origen "editor/SceneSaver.cpp")
      C:\Users\tupap\source\repos\MantraxEngine\vendors\includes\glm\detail\type_vec3.hpp(17,9):
      vea la declaración de 'glm::vec<3,float,glm::packed_highp>'
  
C:\Users\tupap\source\repos\MantraxEngine\src\render\Camera.h(80,15): warning C4251: "Camera::m_right": "glm::vec<3,float,glm::packed_highp>" debe tener una interfaz DLL para que la usen los clientes de "Camera"
  (compilando archivo de origen "editor/SceneSaver.cpp")
      C:\Users\tupap\source\repos\MantraxEngine\vendors\includes\glm\detail\type_vec3.hpp(17,9):
      vea la declaración de 'glm::vec<3,float,glm::packed_highp>'
  
C:\Users\tupap\source\repos\MantraxEngine\src\render\Camera.h(81,15): warning C4251: "Camera::m_up": "glm::vec<3,float,glm::packed_highp>" debe tener una interfaz DLL para que la usen los clientes de "Camera"
  (compilando archivo de origen "editor/SceneSaver.cpp")
      C:\Users\tupap\source\repos\MantraxEngine\vendors\includes\glm\detail\type_vec3.hpp(17,9):
      vea la declaración de 'glm::vec<3,float,glm::packed_highp>'
  
C:\Users\tupap\source\repos\MantraxEngine\src\render\Camera.h(82,15): warning C4251: "Camera::m_lastPosition": "glm::vec<3,float,glm::packed_highp>" debe tener una interfaz DLL para que la usen los clientes de "Camera"
  (compilando archivo de origen "editor/SceneSaver.cpp")
      C:\Users\tupap\source\repos\MantraxEngine\vendors\includes\glm\detail\type_vec3.hpp(17,9):
      vea la declaración de 'glm::vec<3,float,glm::packed_highp>'
  
C:\Users\tupap\source\repos\MantraxEngine\src\render\Camera.h(83,15): warning C4251: "Camera::m_velocity": "glm::vec<3,float,glm::packed_highp>" debe tener una interfaz DLL para que la usen los clientes de "Camera"
  (compilando archivo de origen "editor/SceneSaver.cpp")
      C:\Users\tupap\source\repos\MantraxEngine\vendors\includes\glm\detail\type_vec3.hpp(17,9):
      vea la declaración de 'glm::vec<3,float,glm::packed_highp>'
  
C:\Users\tupap\source\repos\MantraxEngine\src\render\Light.h(51,15): warning C4251: "Light::color": "glm::vec<3,float,glm::packed_highp>" debe tener una interfaz DLL para que la usen los clientes de "Light"
  (compilando archivo de origen "editor/SceneSaver.cpp")
      C:\Users\tupap\source\repos\MantraxEngine\vendors\includes\glm\detail\type_vec3.hpp(17,9):
      vea la declaración de 'glm::vec<3,float,glm::packed_highp>'
  
C:\Users\tupap\source\repos\MantraxEngine\src\render\Light.h(53,15): warning C4251: "Light::position": "glm::vec<3,float,glm::packed_highp>" debe tener una interfaz DLL para que la usen los clientes de "Light"
  (compilando archivo de origen "editor/SceneSaver.cpp")
      C:\Users\tupap\source\repos\MantraxEngine\vendors\includes\glm\detail\type_vec3.hpp(17,9):
      vea la declaración de 'glm::vec<3,float,glm::packed_highp>'
  
C:\Users\tupap\source\repos\MantraxEngine\src\render\Light.h(54,15): warning C4251: "Light::direction": "glm::vec<3,float,glm::packed_highp>" debe tener una interfaz DLL para que la usen los clientes de "Light"
  (compilando archivo de origen "editor/SceneSaver.cpp")
      C:\Users\tupap\source\repos\MantraxEngine\vendors\includes\glm\detail\type_vec3.hpp(17,9):
      vea la declaración de 'glm::vec<3,float,glm::packed_highp>'
  
C:\Users\tupap\source\repos\MantraxEngine\src\render\Light.h(62,15): warning C4251: "Light::attenuation": "glm::vec<3,float,glm::packed_highp>" debe tener una interfaz DLL para que la usen los clientes de "Light"
  (compilando archivo de origen "editor/SceneSaver.cpp")
      C:\Users\tupap\source\repos\MantraxEngine\vendors\includes\glm\detail\type_vec3.hpp(17,9):
      vea la declaración de 'glm::vec<3,float,glm::packed_highp>'
  
C:\Users\tupap\source\repos\MantraxEngine\src\render\RenderPipeline.h(77,30): warning C4251: "RenderPipeline::sceneObjects": "std::vector<GameObject *,std::allocator<GameObject *>>" debe tener una interfaz DLL para que la usen los clientes de "RenderPipeline"
  (compilando archivo de origen "editor/SceneSaver.cpp")
      C:\Program Files\Microsoft Visual Studio\2022\Professional\VC\Tools\MSVC\14.44.35207\include\vector(442,7):
      vea la declaración de 'std::vector<GameObject *,std::allocator<GameObject *>>'
  
C:\Users\tupap\source\repos\MantraxEngine\src\render\RenderPipeline.h(78,41): warning C4251: "RenderPipeline::lights": "std::vector<std::shared_ptr<Light>,std::allocator<std::shared_ptr<Light>>>" debe tener una interfaz DLL para que la usen los clientes de "RenderPipeline"
  (compilando archivo de origen "editor/SceneSaver.cpp")
      C:\Program Files\Microsoft Visual Studio\2022\Professional\VC\Tools\MSVC\14.44.35207\include\vector(442,7):
      vea la declaración de 'std::vector<std::shared_ptr<Light>,std::allocator<std::shared_ptr<Light>>>'
  
C:\Users\tupap\source\repos\MantraxEngine\src\render\RenderPipeline.h(91,70): warning C4251: "RenderPipeline::modelCache": "std::unordered_map<std::string,std::shared_ptr<AssimpGeometry>,std::hash<std::string>,std::equal_to<std::string>,std::allocator<std::pair<const std::string,std::shared_ptr<AssimpGeometry>>>>" debe tener una interfaz DLL para que la usen los clientes de "RenderPipeline"
  (compilando archivo de origen "editor/SceneSaver.cpp")
      C:\Program Files\Microsoft Visual Studio\2022\Professional\VC\Tools\MSVC\14.44.35207\include\unordered_map(61,7):
      vea la declaración de 'std::unordered_map<std::string,std::shared_ptr<AssimpGeometry>,std::hash<std::string>,std::equal_to<std::string>,std::allocator<std::pair<const std::string,std::shared_ptr<AssimpGeometry>>>>'
  
C:\Users\tupap\source\repos\MantraxEngine\src\render\RenderPipeline.h(93,44): warning C4251: "RenderPipeline::materialPool": "std::vector<std::shared_ptr<Material>,std::allocator<std::shared_ptr<Material>>>" debe tener una interfaz DLL para que la usen los clientes de "RenderPipeline"
  (compilando archivo de origen "editor/SceneSaver.cpp")
      C:\Program Files\Microsoft Visual Studio\2022\Professional\VC\Tools\MSVC\14.44.35207\include\vector(442,7):
      vea la declaración de 'std::vector<std::shared_ptr<Material>,std::allocator<std::shared_ptr<Material>>>'
  
C:\Users\tupap\source\repos\MantraxEngine\src\components\Scene.h(66,17): warning C4251: "Scene::name": "std::basic_string<char,std::char_traits<char>,std::allocator<char>>" debe tener una interfaz DLL para que la usen los clientes de "Scene"
  (compilando archivo de origen "editor/SceneSaver.cpp")
      C:\Program Files\Microsoft Visual Studio\2022\Professional\VC\Tools\MSVC\14.44.35207\include\xstring(541,7):
      vea la declaración de 'std::basic_string<char,std::char_traits<char>,std::allocator<char>>'
  
C:\Users\tupap\source\repos\MantraxEngine\src\components\Scene.h(67,30): warning C4251: "Scene::gameObjects": "std::vector<GameObject *,std::allocator<GameObject *>>" debe tener una interfaz DLL para que la usen los clientes de "Scene"
  (compilando archivo de origen "editor/SceneSaver.cpp")
      C:\Program Files\Microsoft Visual Studio\2022\Professional\VC\Tools\MSVC\14.44.35207\include\vector(442,7):
      vea la declaración de 'std::vector<GameObject *,std::allocator<GameObject *>>'
  
C:\Users\tupap\source\repos\MantraxEngine\src\components\Scene.h(68,41): warning C4251: "Scene::lights": "std::vector<std::shared_ptr<Light>,std::allocator<std::shared_ptr<Light>>>" debe tener una interfaz DLL para que la usen los clientes de "Scene"
  (compilando archivo de origen "editor/SceneSaver.cpp")
      C:\Program Files\Microsoft Visual Studio\2022\Professional\VC\Tools\MSVC\14.44.35207\include\vector(442,7):
      vea la declaración de 'std::vector<std::shared_ptr<Light>,std::allocator<std::shared_ptr<Light>>>'
  
C:\Users\tupap\source\repos\MantraxEngine\src\components\Scene.h(69,29): warning C4251: "Scene::camera": "std::unique_ptr<Camera,std::default_delete<Camera>>" debe tener una interfaz DLL para que la usen los clientes de "Scene"
  (compilando archivo de origen "editor/SceneSaver.cpp")
      C:\Program Files\Microsoft Visual Studio\2022\Professional\VC\Tools\MSVC\14.44.35207\include\memory(3347,7):
      vea la declaración de 'std::unique_ptr<Camera,std::default_delete<Camera>>'
  
C:\Users\tupap\source\repos\MantraxEngine\src\core\PhysicsManager.h(14,9): warning C4005: 'LAYER_PLAYER': redefinición de macro
  (compilando archivo de origen "editor/SceneSaver.cpp")
      C:\Users\tupap\source\repos\MantraxEngine\src\components\GameObject.h(42,9):
      vea la definición anterior de “LAYER_PLAYER”
  
C:\Users\tupap\source\repos\MantraxEngine\src\core\PhysicsManager.h(15,9): warning C4005: 'LAYER_ENEMY': redefinición de macro
  (compilando archivo de origen "editor/SceneSaver.cpp")
      C:\Users\tupap\source\repos\MantraxEngine\src\components\GameObject.h(43,9):
      vea la definición anterior de “LAYER_ENEMY”
  
C:\Users\tupap\source\repos\MantraxEngine\src\core\PhysicsManager.h(16,9): warning C4005: 'LAYER_ENVIRONMENT': redefinición de macro
  (compilando archivo de origen "editor/SceneSaver.cpp")
      C:\Users\tupap\source\repos\MantraxEngine\src\components\GameObject.h(44,9):
      vea la definición anterior de “LAYER_ENVIRONMENT”
  
C:\Users\tupap\source\repos\MantraxEngine\src\core\PhysicsManager.h(17,9): warning C4005: 'LAYER_TRIGGER': redefinición de macro
  (compilando archivo de origen "editor/SceneSaver.cpp")
      C:\Users\tupap\source\repos\MantraxEngine\src\components\GameObject.h(41,9):
      vea la definición anterior de “LAYER_TRIGGER”
  
C:\Users\tupap\source\repos\MantraxEngine\src\core\PhysicsManager.h(91,30): warning C4251: "PhysicsManager::toleranceScale": "physx::PxTolerancesScale" debe tener una interfaz DLL para que la usen los clientes de "PhysicsManager"
  (compilando archivo de origen "editor/SceneSaver.cpp")
      C:\Users\tupap\source\repos\MantraxEngine\vendors\includes\physx\common\PxTolerancesScale.h(49,7):
      vea la declaración de 'physx::PxTolerancesScale'
  
C:\Users\tupap\source\repos\MantraxEngine\src\core\PhysicsManager.h(102,31): warning C4251: "PhysicsManager::mDefaultAllocatorCallback": "physx::PxDefaultAllocator" debe tener una interfaz DLL para que la usen los clientes de "PhysicsManager"
  (compilando archivo de origen "editor/SceneSaver.cpp")
      C:\Users\tupap\source\repos\MantraxEngine\vendors\includes\physx\extensions\PxDefaultAllocator.h(85,7):
      vea la declaración de 'physx::PxDefaultAllocator'
  
C:\Users\tupap\source\repos\MantraxEngine\src\core\PhysicsManager.h(103,35): warning C4251: "PhysicsManager::mDefaultErrorCallback": "physx::PxDefaultErrorCallback" debe tener una interfaz DLL para que la usen los clientes de "PhysicsManager"
  (compilando archivo de origen "editor/SceneSaver.cpp")
      C:\Users\tupap\source\repos\MantraxEngine\vendors\includes\physx\extensions\PxDefaultErrorCallback.h(48,8):
      vea la declaración de 'physx::PxDefaultErrorCallback'
  
C:\Users\tupap\source\repos\MantraxEngine\src\components\SceneManager.h(40,61): warning C4251: "SceneManager::scenes": "std::unordered_map<std::string,std::unique_ptr<Scene,std::default_delete<Scene>>,std::hash<std::string>,std::equal_to<std::string>,std::allocator<std::pair<const std::string,std::unique_ptr<Scene,std::default_delete<Scene>>>>>" debe tener una interfaz DLL para que la usen los clientes de "SceneManager"
  (compilando archivo de origen "editor/SceneSaver.cpp")
      C:\Program Files\Microsoft Visual Studio\2022\Professional\VC\Tools\MSVC\14.44.35207\include\unordered_map(61,7):
      vea la declaración de 'std::unordered_map<std::string,std::unique_ptr<Scene,std::default_delete<Scene>>,std::hash<std::string>,std::equal_to<std::string>,std::allocator<std::pair<const std::string,std::unique_ptr<Scene,std::default_delete<Scene>>>>>'
  
C:\Users\tupap\source\repos\MantraxEngine\src\components\LightComponent.h(44,28): warning C4251: "LightComponent::light": "std::shared_ptr<Light>" debe tener una interfaz DLL para que la usen los clientes de "LightComponent"
  (compilando archivo de origen "editor/SceneSaver.cpp")
      C:\Program Files\Microsoft Visual Studio\2022\Professional\VC\Tools\MSVC\14.44.35207\include\memory(1565,7):
      vea la declaración de 'std::shared_ptr<Light>'
  
C:\Users\tupap\source\repos\MantraxEngine\src\components\AudioSource.h(43,17): warning C4251: "AudioSource::soundPath": "std::basic_string<char,std::char_traits<char>,std::allocator<char>>" debe tener una interfaz DLL para que la usen los clientes de "AudioSource"
  (compilando archivo de origen "editor/SceneSaver.cpp")
      C:\Program Files\Microsoft Visual Studio\2022\Professional\VC\Tools\MSVC\14.44.35207\include\xstring(541,7):
      vea la declaración de 'std::basic_string<char,std::char_traits<char>,std::allocator<char>>'
  
C:\Users\tupap\source\repos\MantraxEngine\src\components\PhysicalObject.h(49,15): warning C4251: "PhysicalObject::boxHalfExtents": "glm::vec<3,float,glm::packed_highp>" debe tener una interfaz DLL para que la usen los clientes de "PhysicalObject"
  (compilando archivo de origen "editor/SceneSaver.cpp")
      C:\Users\tupap\source\repos\MantraxEngine\vendors\includes\glm\detail\type_vec3.hpp(17,9):
      vea la declaración de 'glm::vec<3,float,glm::packed_highp>'
  
C:\Users\tupap\source\repos\MantraxEngine\src\components\PhysicalObject.h(58,59): warning C4251: "PhysicalObject::triggerCallback": "std::function<void (PhysicalObject *,PhysicalObject *)>" debe tener una interfaz DLL para que la usen los clientes de "PhysicalObject"
  (compilando archivo de origen "editor/SceneSaver.cpp")
      C:\Program Files\Microsoft Visual Studio\2022\Professional\VC\Tools\MSVC\14.44.35207\include\functional(1089,7):
      vea la declaración de 'std::function<void (PhysicalObject *,PhysicalObject *)>'
  
C:\Users\tupap\source\repos\MantraxEngine\src\components\PhysicalObject.h(59,102): warning C4251: "PhysicalObject::contactCallback": "std::function<void (PhysicalObject *,PhysicalObject *,const glm::vec3 &,const glm::vec3 &,float)>" debe tener una interfaz DLL para que la usen los clientes de "PhysicalObject"
  (compilando archivo de origen "editor/SceneSaver.cpp")
      C:\Program Files\Microsoft Visual Studio\2022\Professional\VC\Tools\MSVC\14.44.35207\include\functional(1089,7):
      vea la declaración de 'std::function<void (PhysicalObject *,PhysicalObject *,const glm::vec3 &,const glm::vec3 &,float)>'
  
C:\Users\tupap\source\repos\MantraxEngine\src\components\PhysicalObject.h(67,17): warning C4251: "PhysicalObject::csharpObjectName": "std::basic_string<char,std::char_traits<char>,std::allocator<char>>" debe tener una interfaz DLL para que la usen los clientes de "PhysicalObject"
  (compilando archivo de origen "editor/SceneSaver.cpp")
      C:\Program Files\Microsoft Visual Studio\2022\Professional\VC\Tools\MSVC\14.44.35207\include\xstring(541,7):
      vea la declaración de 'std::basic_string<char,std::char_traits<char>,std::allocator<char>>'
  
C:\Users\tupap\source\repos\MantraxEngine\src\components\CharacterController.h(57,15): warning C4251: "CharacterController::velocity": "glm::vec<3,float,glm::packed_highp>" debe tener una interfaz DLL para que la usen los clientes de "CharacterController"
  (compilando archivo de origen "editor/SceneSaver.cpp")
      C:\Users\tupap\source\repos\MantraxEngine\vendors\includes\glm\detail\type_vec3.hpp(17,9):
      vea la declaración de 'glm::vec<3,float,glm::packed_highp>'
  
C:\Users\tupap\source\repos\MantraxEngine\src\components\CharacterController.h(58,15): warning C4251: "CharacterController::inputDirection": "glm::vec<3,float,glm::packed_highp>" debe tener una interfaz DLL para que la usen los clientes de "CharacterController"
  (compilando archivo de origen "editor/SceneSaver.cpp")
      C:\Users\tupap\source\repos\MantraxEngine\vendors\includes\glm\detail\type_vec3.hpp(17,9):
      vea la declaración de 'glm::vec<3,float,glm::packed_highp>'
  
C:\Users\tupap\source\repos\MantraxEngine\src\components\CharacterController.h(61,43): warning C4251: "CharacterController::onMoveCallback": "std::function<void (const glm::vec3 &)>" debe tener una interfaz DLL para que la usen los clientes de "CharacterController"
  (compilando archivo de origen "editor/SceneSaver.cpp")
      C:\Program Files\Microsoft Visual Studio\2022\Professional\VC\Tools\MSVC\14.44.35207\include\functional(1089,7):
      vea la declaración de 'std::function<void (const glm::vec3 &)>'
  
C:\Users\tupap\source\repos\MantraxEngine\src\components\CharacterController.h(62,31): warning C4251: "CharacterController::onJumpCallback": "std::function<void (bool)>" debe tener una interfaz DLL para que la usen los clientes de "CharacterController"
  (compilando archivo de origen "editor/SceneSaver.cpp")
      C:\Program Files\Microsoft Visual Studio\2022\Professional\VC\Tools\MSVC\14.44.35207\include\functional(1089,7):
      vea la declaración de 'std::function<void (bool)>'
  
C:\Users\tupap\source\repos\MantraxEngine\src\components\CharacterController.h(63,31): warning C4251: "CharacterController::onRunCallback": "std::function<void (bool)>" debe tener una interfaz DLL para que la usen los clientes de "CharacterController"
  (compilando archivo de origen "editor/SceneSaver.cpp")
      C:\Program Files\Microsoft Visual Studio\2022\Professional\VC\Tools\MSVC\14.44.35207\include\functional(1089,7):
      vea la declaración de 'std::function<void (bool)>'
  
C:\Users\tupap\source\repos\MantraxEngine\src\components\CharacterController.h(64,31): warning C4251: "CharacterController::onCrouchCallback": "std::function<void (bool)>" debe tener una interfaz DLL para que la usen los clientes de "CharacterController"
  (compilando archivo de origen "editor/SceneSaver.cpp")
      C:\Program Files\Microsoft Visual Studio\2022\Professional\VC\Tools\MSVC\14.44.35207\include\functional(1089,7):
      vea la declaración de 'std::function<void (bool)>'
  
C:\Users\tupap\source\repos\MantraxEngine\src\components\CharacterController.h(65,31): warning C4251: "CharacterController::onGroundedCallback": "std::function<void (bool)>" debe tener una interfaz DLL para que la usen los clientes de "CharacterController"
  (compilando archivo de origen "editor/SceneSaver.cpp")
      C:\Program Files\Microsoft Visual Studio\2022\Professional\VC\Tools\MSVC\14.44.35207\include\functional(1089,7):
      vea la declaración de 'std::function<void (bool)>'
  
C:\Users\tupap\source\repos\MantraxEngine\src\components\ScriptExecutor.h(12,17): warning C4251: "ScriptExecutor::luaPath": "std::basic_string<char,std::char_traits<char>,std::allocator<char>>" debe tener una interfaz DLL para que la usen los clientes de "ScriptExecutor"
  (compilando archivo de origen "editor/SceneSaver.cpp")
      C:\Program Files\Microsoft Visual Studio\2022\Professional\VC\Tools\MSVC\14.44.35207\include\xstring(541,7):
      vea la declaración de 'std::basic_string<char,std::char_traits<char>,std::allocator<char>>'
  
C:\Users\tupap\source\repos\MantraxEngine\src\components\ScriptExecutor.h(32,16): warning C4251: "ScriptExecutor::lua": "sol::state" debe tener una interfaz DLL para que la usen los clientes de "ScriptExecutor"
  (compilando archivo de origen "editor/SceneSaver.cpp")
      C:\Users\tupap\source\repos\MantraxEngine\vendors\includes\sol\state.hpp(32,8):
      vea la declaración de 'sol::state'
  
C:\Users\tupap\source\repos\MantraxEngine\src\components\ScriptExecutor.h(33,16): warning C4251: "ScriptExecutor::scriptTable": "sol::basic_table_core<false,sol::reference>" debe tener una interfaz DLL para que la usen los clientes de "ScriptExecutor"
  (compilando archivo de origen "editor/SceneSaver.cpp")
      C:\Users\tupap\source\repos\MantraxEngine\vendors\includes\sol\table_core.hpp(67,8):
      vea la declaración de 'sol::basic_table_core<false,sol::reference>'
  
C:\Users\tupap\source\repos\MantraxEngine\src\components\ScriptExecutor.h(34,17): warning C4251: "ScriptExecutor::lastError": "std::basic_string<char,std::char_traits<char>,std::allocator<char>>" debe tener una interfaz DLL para que la usen los clientes de "ScriptExecutor"
  (compilando archivo de origen "editor/SceneSaver.cpp")
      C:\Program Files\Microsoft Visual Studio\2022\Professional\VC\Tools\MSVC\14.44.35207\include\xstring(541,7):
      vea la declaración de 'std::basic_string<char,std::char_traits<char>,std::allocator<char>>'
  
  MantraxEngine.vcxproj -> C:\Users\tupap\source\repos\MantraxEngine\x64\Debug\MantraxEngine.exe
