c:\users\tupap\source\repos\mantraxengine\mantraxcore\x64\debug\vc143.pdb
c:\users\tupap\source\repos\mantraxengine\mantraxcore\x64\debug\vc143.idb
c:\users\tupap\source\repos\mantraxengine\mantraxcore\x64\debug\texture.obj
c:\users\tupap\source\repos\mantraxengine\mantraxcore\x64\debug\renderpipeline.obj
c:\users\tupap\source\repos\mantraxengine\mantraxcore\x64\debug\renderconfig.obj
c:\users\tupap\source\repos\mantraxengine\mantraxcore\x64\debug\nativegeometry.obj
c:\users\tupap\source\repos\mantraxengine\mantraxcore\x64\debug\material.obj
c:\users\tupap\source\repos\mantraxengine\mantraxcore\x64\debug\light.obj
c:\users\tupap\source\repos\mantraxengine\mantraxcore\x64\debug\frustum.obj
c:\users\tupap\source\repos\mantraxengine\mantraxcore\x64\debug\defaultshaders.obj
c:\users\tupap\source\repos\mantraxengine\mantraxcore\x64\debug\camera.obj
c:\users\tupap\source\repos\mantraxengine\mantraxcore\x64\debug\mantraxengine.obj
c:\users\tupap\source\repos\mantraxengine\mantraxcore\x64\debug\texturedscene.obj
c:\users\tupap\source\repos\mantraxengine\mantraxcore\x64\debug\testscene.obj
c:\users\tupap\source\repos\mantraxengine\mantraxcore\x64\debug\scenemanager.obj
c:\users\tupap\source\repos\mantraxengine\mantraxcore\x64\debug\gameobject.obj
c:\users\tupap\source\repos\mantraxengine\mantraxcore\x64\debug\corewrapper.obj
c:\users\tupap\source\repos\mantraxengine\mantraxcore\x64\debug\framebuffer.obj
c:\users\tupap\source\repos\mantraxengine\mantraxcore\x64\debug\modelloader.obj
c:\users\tupap\source\repos\mantraxengine\mantraxcore\x64\debug\assimpgeometry.obj
c:\users\tupap\source\repos\mantraxengine\mantraxcore\x64\debug\modelscene.obj
c:\users\tupap\source\repos\mantraxengine\x64\debug\mantraxcore.dll
c:\users\tupap\source\repos\mantraxengine\x64\debug\mantraxcore.pdb
c:\users\tupap\source\repos\mantraxengine\x64\debug\mantraxcore.lib
c:\users\tupap\source\repos\mantraxengine\x64\debug\mantraxcore.exp
c:\users\tupap\source\repos\mantraxengine\mantraxcore\x64\debug\mantraxcore.ilk
c:\users\tupap\source\repos\mantraxengine\mantraxcore\x64\debug\mantraxcore.tlog\cl.command.1.tlog
c:\users\tupap\source\repos\mantraxengine\mantraxcore\x64\debug\mantraxcore.tlog\cl.items.tlog
c:\users\tupap\source\repos\mantraxengine\mantraxcore\x64\debug\mantraxcore.tlog\cl.read.1.tlog
c:\users\tupap\source\repos\mantraxengine\mantraxcore\x64\debug\mantraxcore.tlog\cl.write.1.tlog
c:\users\tupap\source\repos\mantraxengine\mantraxcore\x64\debug\mantraxcore.tlog\link.command.1.tlog
c:\users\tupap\source\repos\mantraxengine\mantraxcore\x64\debug\mantraxcore.tlog\link.read.1.tlog
c:\users\tupap\source\repos\mantraxengine\mantraxcore\x64\debug\mantraxcore.tlog\link.secondary.1.tlog
c:\users\tupap\source\repos\mantraxengine\mantraxcore\x64\debug\mantraxcore.tlog\link.write.1.tlog
