  ModelScene.cpp
C:\Users\tupap\source\repos\MantraxEngine\src\render\NativeGeometry.h(25,28): warning C4251: "NativeGeometry::currentInstances": "std::vector<glm::mat4,std::allocator<glm::mat4>>" debe tener una interfaz DLL para que la usen los clientes de "NativeGeometry"
  (compilando archivo de origen "../src/components/ModelScene.cpp")
      C:\Program Files\Microsoft Visual Studio\2022\Professional\VC\Tools\MSVC\14.44.35207\include\vector(442,7):
      vea la declaración de 'std::vector<glm::mat4,std::allocator<glm::mat4>>'
  
C:\Users\tupap\source\repos\MantraxEngine\src\render\Texture.h(24,17): warning C4251: "Texture::filePath": "std::basic_string<char,std::char_traits<char>,std::allocator<char>>" debe tener una interfaz DLL para que la usen los clientes de "Texture"
  (compilando archivo de origen "../src/components/ModelScene.cpp")
      C:\Program Files\Microsoft Visual Studio\2022\Professional\VC\Tools\MSVC\14.44.35207\include\xstring(541,7):
      vea la declaración de 'std::basic_string<char,std::char_traits<char>,std::allocator<char>>'
  
C:\Users\tupap\source\repos\MantraxEngine\src\render\Material.h(64,17): warning C4251: "Material::name": "std::basic_string<char,std::char_traits<char>,std::allocator<char>>" debe tener una interfaz DLL para que la usen los clientes de "Material"
  (compilando archivo de origen "../src/components/ModelScene.cpp")
      C:\Program Files\Microsoft Visual Studio\2022\Professional\VC\Tools\MSVC\14.44.35207\include\xstring(541,7):
      vea la declaración de 'std::basic_string<char,std::char_traits<char>,std::allocator<char>>'
  
C:\Users\tupap\source\repos\MantraxEngine\src\render\Material.h(67,15): warning C4251: "Material::albedo": "glm::vec<3,float,glm::packed_highp>" debe tener una interfaz DLL para que la usen los clientes de "Material"
  (compilando archivo de origen "../src/components/ModelScene.cpp")
      C:\Users\tupap\source\repos\MantraxEngine\vendors\includes\glm\detail\type_vec3.hpp(17,9):
      vea la declaración de 'glm::vec<3,float,glm::packed_highp>'
  
C:\Users\tupap\source\repos\MantraxEngine\src\render\Material.h(70,15): warning C4251: "Material::emissive": "glm::vec<3,float,glm::packed_highp>" debe tener una interfaz DLL para que la usen los clientes de "Material"
  (compilando archivo de origen "../src/components/ModelScene.cpp")
      C:\Users\tupap\source\repos\MantraxEngine\vendors\includes\glm\detail\type_vec3.hpp(17,9):
      vea la declaración de 'glm::vec<3,float,glm::packed_highp>'
  
C:\Users\tupap\source\repos\MantraxEngine\src\render\Material.h(71,15): warning C4251: "Material::tiling": "glm::vec<2,float,glm::packed_highp>" debe tener una interfaz DLL para que la usen los clientes de "Material"
  (compilando archivo de origen "../src/components/ModelScene.cpp")
      C:\Users\tupap\source\repos\MantraxEngine\vendors\includes\glm\detail\type_vec2.hpp(17,9):
      vea la declaración de 'glm::vec<2,float,glm::packed_highp>'
  
C:\Users\tupap\source\repos\MantraxEngine\src\render\Material.h(75,30): warning C4251: "Material::albedoTexture": "std::shared_ptr<Texture>" debe tener una interfaz DLL para que la usen los clientes de "Material"
  (compilando archivo de origen "../src/components/ModelScene.cpp")
      C:\Program Files\Microsoft Visual Studio\2022\Professional\VC\Tools\MSVC\14.44.35207\include\memory(1565,7):
      vea la declaración de 'std::shared_ptr<Texture>'
  
C:\Users\tupap\source\repos\MantraxEngine\src\render\Material.h(76,30): warning C4251: "Material::normalTexture": "std::shared_ptr<Texture>" debe tener una interfaz DLL para que la usen los clientes de "Material"
  (compilando archivo de origen "../src/components/ModelScene.cpp")
      C:\Program Files\Microsoft Visual Studio\2022\Professional\VC\Tools\MSVC\14.44.35207\include\memory(1565,7):
      vea la declaración de 'std::shared_ptr<Texture>'
  
C:\Users\tupap\source\repos\MantraxEngine\src\render\Material.h(77,30): warning C4251: "Material::metallicTexture": "std::shared_ptr<Texture>" debe tener una interfaz DLL para que la usen los clientes de "Material"
  (compilando archivo de origen "../src/components/ModelScene.cpp")
      C:\Program Files\Microsoft Visual Studio\2022\Professional\VC\Tools\MSVC\14.44.35207\include\memory(1565,7):
      vea la declaración de 'std::shared_ptr<Texture>'
  
C:\Users\tupap\source\repos\MantraxEngine\src\render\Material.h(78,30): warning C4251: "Material::roughnessTexture": "std::shared_ptr<Texture>" debe tener una interfaz DLL para que la usen los clientes de "Material"
  (compilando archivo de origen "../src/components/ModelScene.cpp")
      C:\Program Files\Microsoft Visual Studio\2022\Professional\VC\Tools\MSVC\14.44.35207\include\memory(1565,7):
      vea la declaración de 'std::shared_ptr<Texture>'
  
C:\Users\tupap\source\repos\MantraxEngine\src\render\Material.h(79,30): warning C4251: "Material::emissiveTexture": "std::shared_ptr<Texture>" debe tener una interfaz DLL para que la usen los clientes de "Material"
  (compilando archivo de origen "../src/components/ModelScene.cpp")
      C:\Program Files\Microsoft Visual Studio\2022\Professional\VC\Tools\MSVC\14.44.35207\include\memory(1565,7):
      vea la declaración de 'std::shared_ptr<Texture>'
  
C:\Users\tupap\source\repos\MantraxEngine\src\render\Material.h(80,30): warning C4251: "Material::aoTexture": "std::shared_ptr<Texture>" debe tener una interfaz DLL para que la usen los clientes de "Material"
  (compilando archivo de origen "../src/components/ModelScene.cpp")
      C:\Program Files\Microsoft Visual Studio\2022\Professional\VC\Tools\MSVC\14.44.35207\include\memory(1565,7):
      vea la declaración de 'std::shared_ptr<Texture>'
  
C:\Users\tupap\source\repos\MantraxEngine\src\render\Frustum.h(13,15): warning C4251: "Plane::normal": "glm::vec<3,float,glm::packed_highp>" debe tener una interfaz DLL para que la usen los clientes de "Plane"
  (compilando archivo de origen "../src/components/ModelScene.cpp")
      C:\Users\tupap\source\repos\MantraxEngine\vendors\includes\glm\detail\type_vec3.hpp(17,9):
      vea la declaración de 'glm::vec<3,float,glm::packed_highp>'
  
C:\Users\tupap\source\repos\MantraxEngine\src\render\Frustum.h(27,15): warning C4251: "BoundingBox::min": "glm::vec<3,float,glm::packed_highp>" debe tener una interfaz DLL para que la usen los clientes de "BoundingBox"
  (compilando archivo de origen "../src/components/ModelScene.cpp")
      C:\Users\tupap\source\repos\MantraxEngine\vendors\includes\glm\detail\type_vec3.hpp(17,9):
      vea la declaración de 'glm::vec<3,float,glm::packed_highp>'
  
C:\Users\tupap\source\repos\MantraxEngine\src\render\Frustum.h(28,15): warning C4251: "BoundingBox::max": "glm::vec<3,float,glm::packed_highp>" debe tener una interfaz DLL para que la usen los clientes de "BoundingBox"
  (compilando archivo de origen "../src/components/ModelScene.cpp")
      C:\Users\tupap\source\repos\MantraxEngine\vendors\includes\glm\detail\type_vec3.hpp(17,9):
      vea la declaración de 'glm::vec<3,float,glm::packed_highp>'
  
C:\Users\tupap\source\repos\MantraxEngine\src\render\Frustum.h(40,15): warning C4251: "BoundingSphere::center": "glm::vec<3,float,glm::packed_highp>" debe tener una interfaz DLL para que la usen los clientes de "BoundingSphere"
  (compilando archivo de origen "../src/components/ModelScene.cpp")
      C:\Users\tupap\source\repos\MantraxEngine\vendors\includes\glm\detail\type_vec3.hpp(17,9):
      vea la declaración de 'glm::vec<3,float,glm::packed_highp>'
  
C:\Users\tupap\source\repos\MantraxEngine\src\components\GameObject.h(87,17): warning C4251: "GameObject::Name": "std::basic_string<char,std::char_traits<char>,std::allocator<char>>" debe tener una interfaz DLL para que la usen los clientes de "GameObject"
  (compilando archivo de origen "../src/components/ModelScene.cpp")
      C:\Program Files\Microsoft Visual Studio\2022\Professional\VC\Tools\MSVC\14.44.35207\include\xstring(541,7):
      vea la declaración de 'std::basic_string<char,std::char_traits<char>,std::allocator<char>>'
  
C:\Users\tupap\source\repos\MantraxEngine\src\components\GameObject.h(88,17): warning C4251: "GameObject::Tag": "std::basic_string<char,std::char_traits<char>,std::allocator<char>>" debe tener una interfaz DLL para que la usen los clientes de "GameObject"
  (compilando archivo de origen "../src/components/ModelScene.cpp")
      C:\Program Files\Microsoft Visual Studio\2022\Professional\VC\Tools\MSVC\14.44.35207\include\xstring(541,7):
      vea la declaración de 'std::basic_string<char,std::char_traits<char>,std::allocator<char>>'
  
C:\Users\tupap\source\repos\MantraxEngine\src\components\GameObject.h(90,37): warning C4251: "GameObject::sharedGeometry": "std::shared_ptr<NativeGeometry>" debe tener una interfaz DLL para que la usen los clientes de "GameObject"
  (compilando archivo de origen "../src/components/ModelScene.cpp")
      C:\Program Files\Microsoft Visual Studio\2022\Professional\VC\Tools\MSVC\14.44.35207\include\memory(1565,7):
      vea la declaración de 'std::shared_ptr<NativeGeometry>'
  
C:\Users\tupap\source\repos\MantraxEngine\src\components\GameObject.h(91,31): warning C4251: "GameObject::material": "std::shared_ptr<Material>" debe tener una interfaz DLL para que la usen los clientes de "GameObject"
  (compilando archivo de origen "../src/components/ModelScene.cpp")
      C:\Program Files\Microsoft Visual Studio\2022\Professional\VC\Tools\MSVC\14.44.35207\include\memory(1565,7):
      vea la declaración de 'std::shared_ptr<Material>'
  
C:\Users\tupap\source\repos\MantraxEngine\src\components\GameObject.h(92,15): warning C4251: "GameObject::localPosition": "glm::vec<3,float,glm::packed_highp>" debe tener una interfaz DLL para que la usen los clientes de "GameObject"
  (compilando archivo de origen "../src/components/ModelScene.cpp")
      C:\Users\tupap\source\repos\MantraxEngine\vendors\includes\glm\detail\type_vec3.hpp(17,9):
      vea la declaración de 'glm::vec<3,float,glm::packed_highp>'
  
C:\Users\tupap\source\repos\MantraxEngine\src\components\GameObject.h(93,15): warning C4251: "GameObject::localScale": "glm::vec<3,float,glm::packed_highp>" debe tener una interfaz DLL para que la usen los clientes de "GameObject"
  (compilando archivo de origen "../src/components/ModelScene.cpp")
      C:\Users\tupap\source\repos\MantraxEngine\vendors\includes\glm\detail\type_vec3.hpp(17,9):
      vea la declaración de 'glm::vec<3,float,glm::packed_highp>'
  
C:\Users\tupap\source\repos\MantraxEngine\src\components\GameObject.h(94,15): warning C4251: "GameObject::localRotation": "glm::qua<float,glm::packed_highp>" debe tener una interfaz DLL para que la usen los clientes de "GameObject"
  (compilando archivo de origen "../src/components/ModelScene.cpp")
      C:\Users\tupap\source\repos\MantraxEngine\vendors\includes\glm\detail\type_quat.hpp(33,9):
      vea la declaración de 'glm::qua<float,glm::packed_highp>'
  
C:\Users\tupap\source\repos\MantraxEngine\src\components\GameObject.h(95,15): warning C4251: "GameObject::modelMatrix": "glm::mat<4,4,glm::f32,glm::packed_highp>" debe tener una interfaz DLL para que la usen los clientes de "GameObject"
  (compilando archivo de origen "../src/components/ModelScene.cpp")
      C:\Users\tupap\source\repos\MantraxEngine\vendors\includes\glm\detail\type_mat4x4.hpp(13,9):
      vea la declaración de 'glm::mat<4,4,glm::f32,glm::packed_highp>'
  
C:\Users\tupap\source\repos\MantraxEngine\src\components\GameObject.h(106,45): warning C4251: "GameObject::components": "std::vector<std::unique_ptr<Component,std::default_delete<Component>>,std::allocator<std::unique_ptr<Component,std::default_delete<Component>>>>" debe tener una interfaz DLL para que la usen los clientes de "GameObject"
  (compilando archivo de origen "../src/components/ModelScene.cpp")
      C:\Program Files\Microsoft Visual Studio\2022\Professional\VC\Tools\MSVC\14.44.35207\include\vector(442,7):
      vea la declaración de 'std::vector<std::unique_ptr<Component,std::default_delete<Component>>,std::allocator<std::unique_ptr<Component,std::default_delete<Component>>>>'
  
C:\Users\tupap\source\repos\MantraxEngine\src\render\Camera.h(66,15): warning C4251: "Camera::position": "glm::vec<3,float,glm::packed_highp>" debe tener una interfaz DLL para que la usen los clientes de "Camera"
  (compilando archivo de origen "../src/components/ModelScene.cpp")
      C:\Users\tupap\source\repos\MantraxEngine\vendors\includes\glm\detail\type_vec3.hpp(17,9):
      vea la declaración de 'glm::vec<3,float,glm::packed_highp>'
  
C:\Users\tupap\source\repos\MantraxEngine\src\render\Camera.h(67,15): warning C4251: "Camera::target": "glm::vec<3,float,glm::packed_highp>" debe tener una interfaz DLL para que la usen los clientes de "Camera"
  (compilando archivo de origen "../src/components/ModelScene.cpp")
      C:\Users\tupap\source\repos\MantraxEngine\vendors\includes\glm\detail\type_vec3.hpp(17,9):
      vea la declaración de 'glm::vec<3,float,glm::packed_highp>'
  
C:\Users\tupap\source\repos\MantraxEngine\src\render\Camera.h(68,15): warning C4251: "Camera::up": "glm::vec<3,float,glm::packed_highp>" debe tener una interfaz DLL para que la usen los clientes de "Camera"
  (compilando archivo de origen "../src/components/ModelScene.cpp")
      C:\Users\tupap\source\repos\MantraxEngine\vendors\includes\glm\detail\type_vec3.hpp(17,9):
      vea la declaración de 'glm::vec<3,float,glm::packed_highp>'
  
C:\Users\tupap\source\repos\MantraxEngine\src\render\Light.h(46,15): warning C4251: "Light::color": "glm::vec<3,float,glm::packed_highp>" debe tener una interfaz DLL para que la usen los clientes de "Light"
  (compilando archivo de origen "../src/components/ModelScene.cpp")
      C:\Users\tupap\source\repos\MantraxEngine\vendors\includes\glm\detail\type_vec3.hpp(17,9):
      vea la declaración de 'glm::vec<3,float,glm::packed_highp>'
  
C:\Users\tupap\source\repos\MantraxEngine\src\render\Light.h(48,15): warning C4251: "Light::position": "glm::vec<3,float,glm::packed_highp>" debe tener una interfaz DLL para que la usen los clientes de "Light"
  (compilando archivo de origen "../src/components/ModelScene.cpp")
      C:\Users\tupap\source\repos\MantraxEngine\vendors\includes\glm\detail\type_vec3.hpp(17,9):
      vea la declaración de 'glm::vec<3,float,glm::packed_highp>'
  
C:\Users\tupap\source\repos\MantraxEngine\src\render\Light.h(49,15): warning C4251: "Light::direction": "glm::vec<3,float,glm::packed_highp>" debe tener una interfaz DLL para que la usen los clientes de "Light"
  (compilando archivo de origen "../src/components/ModelScene.cpp")
      C:\Users\tupap\source\repos\MantraxEngine\vendors\includes\glm\detail\type_vec3.hpp(17,9):
      vea la declaración de 'glm::vec<3,float,glm::packed_highp>'
  
C:\Users\tupap\source\repos\MantraxEngine\src\render\Light.h(56,15): warning C4251: "Light::attenuation": "glm::vec<3,float,glm::packed_highp>" debe tener una interfaz DLL para que la usen los clientes de "Light"
  (compilando archivo de origen "../src/components/ModelScene.cpp")
      C:\Users\tupap\source\repos\MantraxEngine\vendors\includes\glm\detail\type_vec3.hpp(17,9):
      vea la declaración de 'glm::vec<3,float,glm::packed_highp>'
  
C:\Users\tupap\source\repos\MantraxEngine\src\components\Scene.h(62,17): warning C4251: "Scene::name": "std::basic_string<char,std::char_traits<char>,std::allocator<char>>" debe tener una interfaz DLL para que la usen los clientes de "Scene"
  (compilando archivo de origen "../src/components/ModelScene.cpp")
      C:\Program Files\Microsoft Visual Studio\2022\Professional\VC\Tools\MSVC\14.44.35207\include\xstring(541,7):
      vea la declaración de 'std::basic_string<char,std::char_traits<char>,std::allocator<char>>'
  
C:\Users\tupap\source\repos\MantraxEngine\src\components\Scene.h(63,30): warning C4251: "Scene::gameObjects": "std::vector<GameObject *,std::allocator<GameObject *>>" debe tener una interfaz DLL para que la usen los clientes de "Scene"
  (compilando archivo de origen "../src/components/ModelScene.cpp")
      C:\Program Files\Microsoft Visual Studio\2022\Professional\VC\Tools\MSVC\14.44.35207\include\vector(442,7):
      vea la declaración de 'std::vector<GameObject *,std::allocator<GameObject *>>'
  
C:\Users\tupap\source\repos\MantraxEngine\src\components\Scene.h(64,41): warning C4251: "Scene::lights": "std::vector<std::shared_ptr<Light>,std::allocator<std::shared_ptr<Light>>>" debe tener una interfaz DLL para que la usen los clientes de "Scene"
  (compilando archivo de origen "../src/components/ModelScene.cpp")
      C:\Program Files\Microsoft Visual Studio\2022\Professional\VC\Tools\MSVC\14.44.35207\include\vector(442,7):
      vea la declaración de 'std::vector<std::shared_ptr<Light>,std::allocator<std::shared_ptr<Light>>>'
  
C:\Users\tupap\source\repos\MantraxEngine\src\components\Scene.h(65,29): warning C4251: "Scene::camera": "std::unique_ptr<Camera,std::default_delete<Camera>>" debe tener una interfaz DLL para que la usen los clientes de "Scene"
  (compilando archivo de origen "../src/components/ModelScene.cpp")
      C:\Program Files\Microsoft Visual Studio\2022\Professional\VC\Tools\MSVC\14.44.35207\include\memory(3347,7):
      vea la declaración de 'std::unique_ptr<Camera,std::default_delete<Camera>>'
  
C:\Users\tupap\source\repos\MantraxEngine\src\components\ModelScene.h(16,37): warning C4251: "ModelScene::modelGeometry": "std::shared_ptr<AssimpGeometry>" debe tener una interfaz DLL para que la usen los clientes de "ModelScene"
  (compilando archivo de origen "../src/components/ModelScene.cpp")
      C:\Program Files\Microsoft Visual Studio\2022\Professional\VC\Tools\MSVC\14.44.35207\include\memory(1565,7):
      vea la declaración de 'std::shared_ptr<AssimpGeometry>'
  
C:\Users\tupap\source\repos\MantraxEngine\src\render\AssimpGeometry.h(37,17): warning C4251: "AssimpGeometry::modelPath": "std::basic_string<char,std::char_traits<char>,std::allocator<char>>" debe tener una interfaz DLL para que la usen los clientes de "AssimpGeometry"
  (compilando archivo de origen "../src/components/ModelScene.cpp")
      C:\Program Files\Microsoft Visual Studio\2022\Professional\VC\Tools\MSVC\14.44.35207\include\xstring(541,7):
      vea la declaración de 'std::basic_string<char,std::char_traits<char>,std::allocator<char>>'
  
C:\Users\tupap\source\repos\MantraxEngine\src\render\AssimpGeometry.h(38,25): warning C4251: "AssimpGeometry::vertices": "std::vector<Vertex,std::allocator<Vertex>>" debe tener una interfaz DLL para que la usen los clientes de "AssimpGeometry"
  (compilando archivo de origen "../src/components/ModelScene.cpp")
      C:\Program Files\Microsoft Visual Studio\2022\Professional\VC\Tools\MSVC\14.44.35207\include\vector(442,7):
      vea la declaración de 'std::vector<Vertex,std::allocator<Vertex>>'
  
C:\Users\tupap\source\repos\MantraxEngine\src\render\AssimpGeometry.h(39,31): warning C4251: "AssimpGeometry::indices": "std::vector<unsigned int,std::allocator<unsigned int>>" debe tener una interfaz DLL para que la usen los clientes de "AssimpGeometry"
  (compilando archivo de origen "../src/components/ModelScene.cpp")
      C:\Program Files\Microsoft Visual Studio\2022\Professional\VC\Tools\MSVC\14.44.35207\include\vector(442,7):
      vea la declaración de 'std::vector<unsigned int,std::allocator<unsigned int>>'
  
C:\Users\tupap\source\repos\MantraxEngine\src\render\AssimpGeometry.h(44,15): warning C4251: "AssimpGeometry::boundingBoxMin": "glm::vec<3,float,glm::packed_highp>" debe tener una interfaz DLL para que la usen los clientes de "AssimpGeometry"
  (compilando archivo de origen "../src/components/ModelScene.cpp")
      C:\Users\tupap\source\repos\MantraxEngine\vendors\includes\glm\detail\type_vec3.hpp(17,9):
      vea la declaración de 'glm::vec<3,float,glm::packed_highp>'
  
C:\Users\tupap\source\repos\MantraxEngine\src\render\AssimpGeometry.h(45,15): warning C4251: "AssimpGeometry::boundingBoxMax": "glm::vec<3,float,glm::packed_highp>" debe tener una interfaz DLL para que la usen los clientes de "AssimpGeometry"
  (compilando archivo de origen "../src/components/ModelScene.cpp")
      C:\Users\tupap\source\repos\MantraxEngine\vendors\includes\glm\detail\type_vec3.hpp(17,9):
      vea la declaración de 'glm::vec<3,float,glm::packed_highp>'
  
C:\Users\tupap\source\repos\MantraxEngine\src\render\RenderPipeline.h(69,30): warning C4251: "RenderPipeline::sceneObjects": "std::vector<GameObject *,std::allocator<GameObject *>>" debe tener una interfaz DLL para que la usen los clientes de "RenderPipeline"
  (compilando archivo de origen "../src/components/ModelScene.cpp")
      C:\Program Files\Microsoft Visual Studio\2022\Professional\VC\Tools\MSVC\14.44.35207\include\vector(442,7):
      vea la declaración de 'std::vector<GameObject *,std::allocator<GameObject *>>'
  
C:\Users\tupap\source\repos\MantraxEngine\src\render\RenderPipeline.h(70,41): warning C4251: "RenderPipeline::lights": "std::vector<std::shared_ptr<Light>,std::allocator<std::shared_ptr<Light>>>" debe tener una interfaz DLL para que la usen los clientes de "RenderPipeline"
  (compilando archivo de origen "../src/components/ModelScene.cpp")
      C:\Program Files\Microsoft Visual Studio\2022\Professional\VC\Tools\MSVC\14.44.35207\include\vector(442,7):
      vea la declaración de 'std::vector<std::shared_ptr<Light>,std::allocator<std::shared_ptr<Light>>>'
  
C:\Users\tupap\source\repos\MantraxEngine\src\render\RenderPipeline.h(83,70): warning C4251: "RenderPipeline::modelCache": "std::unordered_map<std::string,std::shared_ptr<AssimpGeometry>,std::hash<std::string>,std::equal_to<std::string>,std::allocator<std::pair<const std::string,std::shared_ptr<AssimpGeometry>>>>" debe tener una interfaz DLL para que la usen los clientes de "RenderPipeline"
  (compilando archivo de origen "../src/components/ModelScene.cpp")
      C:\Program Files\Microsoft Visual Studio\2022\Professional\VC\Tools\MSVC\14.44.35207\include\unordered_map(61,7):
      vea la declaración de 'std::unordered_map<std::string,std::shared_ptr<AssimpGeometry>,std::hash<std::string>,std::equal_to<std::string>,std::allocator<std::pair<const std::string,std::shared_ptr<AssimpGeometry>>>>'
  
C:\Users\tupap\source\repos\MantraxEngine\src\render\RenderPipeline.h(84,50): warning C4251: "RenderPipeline::nativeGeometryPool": "std::vector<std::shared_ptr<NativeGeometry>,std::allocator<std::shared_ptr<NativeGeometry>>>" debe tener una interfaz DLL para que la usen los clientes de "RenderPipeline"
  (compilando archivo de origen "../src/components/ModelScene.cpp")
      C:\Program Files\Microsoft Visual Studio\2022\Professional\VC\Tools\MSVC\14.44.35207\include\vector(442,7):
      vea la declaración de 'std::vector<std::shared_ptr<NativeGeometry>,std::allocator<std::shared_ptr<NativeGeometry>>>'
  
C:\Users\tupap\source\repos\MantraxEngine\src\render\RenderPipeline.h(85,44): warning C4251: "RenderPipeline::materialPool": "std::vector<std::shared_ptr<Material>,std::allocator<std::shared_ptr<Material>>>" debe tener una interfaz DLL para que la usen los clientes de "RenderPipeline"
  (compilando archivo de origen "../src/components/ModelScene.cpp")
      C:\Program Files\Microsoft Visual Studio\2022\Professional\VC\Tools\MSVC\14.44.35207\include\vector(442,7):
      vea la declaración de 'std::vector<std::shared_ptr<Material>,std::allocator<std::shared_ptr<Material>>>'
  
     Creando biblioteca C:\Users\tupap\source\repos\MantraxEngine\x64\Debug\MantraxCore.lib y objeto C:\Users\tupap\source\repos\MantraxEngine\x64\Debug\MantraxCore.exp
  MantraxCore.vcxproj -> C:\Users\tupap\source\repos\MantraxEngine\x64\Debug\MantraxCore.dll
